{"C:\\Users\\Lenovo\\Desktop\\credential-verifier\\backend\\server.js": {"path":"C:\\Users\\Lenovo\\Desktop\\credential-verifier\\backend\\server.js","statementMap":{"0":{"start":{"line":2,"column":16},"end":{"line":2,"column":34}},"1":{"start":{"line":4,"column":15},"end":{"line":4,"column":32}},"2":{"start":{"line":6,"column":13},"end":{"line":6,"column":28}},"3":{"start":{"line":8,"column":0},"end":{"line":8,"column":27}},"4":{"start":{"line":10,"column":0},"end":{"line":10,"column":66}},"5":{"start":{"line":11,"column":0},"end":{"line":11,"column":72}},"6":{"start":{"line":13,"column":18},"end":{"line":13,"column":40}},"7":{"start":{"line":15,"column":15},"end":{"line":15,"column":32}},"8":{"start":{"line":18,"column":12},"end":{"line":18,"column":21}},"9":{"start":{"line":20,"column":13},"end":{"line":20,"column":37}},"10":{"start":{"line":24,"column":20},"end":{"line":34,"column":1}},"11":{"start":{"line":37,"column":0},"end":{"line":37,"column":27}},"12":{"start":{"line":40,"column":16},"end":{"line":40,"column":38}},"13":{"start":{"line":42,"column":15},"end":{"line":42,"column":43}},"14":{"start":{"line":45,"column":15},"end":{"line":48,"column":1}},"15":{"start":{"line":52,"column":0},"end":{"line":87,"column":3}},"16":{"start":{"line":54,"column":2},"end":{"line":57,"column":3}},"17":{"start":{"line":56,"column":4},"end":{"line":56,"column":64}},"18":{"start":{"line":60,"column":2},"end":{"line":86,"column":3}},"19":{"start":{"line":62,"column":23},"end":{"line":62,"column":60}},"20":{"start":{"line":65,"column":20},"end":{"line":71,"column":5}},"21":{"start":{"line":75,"column":19},"end":{"line":75,"column":66}},"22":{"start":{"line":79,"column":4},"end":{"line":79,"column":46}},"23":{"start":{"line":83,"column":4},"end":{"line":83,"column":55}},"24":{"start":{"line":85,"column":4},"end":{"line":85,"column":79}},"25":{"start":{"line":90,"column":0},"end":{"line":94,"column":3}},"26":{"start":{"line":92,"column":2},"end":{"line":92,"column":51}},"27":{"start":{"line":93,"column":2},"end":{"line":93,"column":76}}},"fnMap":{"0":{"name":"(anonymous_0)","decl":{"start":{"line":52,"column":43},"end":{"line":52,"column":44}},"loc":{"start":{"line":52,"column":63},"end":{"line":87,"column":1}},"line":52},"1":{"name":"(anonymous_1)","decl":{"start":{"line":90,"column":17},"end":{"line":90,"column":18}},"loc":{"start":{"line":90,"column":23},"end":{"line":94,"column":1}},"line":90}},"branchMap":{"0":{"loc":{"start":{"line":20,"column":13},"end":{"line":20,"column":37}},"type":"binary-expr","locations":[{"start":{"line":20,"column":13},"end":{"line":20,"column":29}},{"start":{"line":20,"column":33},"end":{"line":20,"column":37}}],"line":20},"1":{"loc":{"start":{"line":54,"column":2},"end":{"line":57,"column":3}},"type":"if","locations":[{"start":{"line":54,"column":2},"end":{"line":57,"column":3}},{"start":{},"end":{}}],"line":54}},"s":{"0":0,"1":0,"2":0,"3":0,"4":0,"5":0,"6":0,"7":0,"8":0,"9":0,"10":0,"11":0,"12":0,"13":0,"14":0,"15":0,"16":0,"17":0,"18":0,"19":0,"20":0,"21":0,"22":0,"23":0,"24":0,"25":0,"26":0,"27":0},"f":{"0":0,"1":0},"b":{"0":[0,0],"1":[0,0]},"inputSourceMap":null}
}
